[13:49:57] [ServerMain/INFO]: [bootstrap] Running Java 21 (OpenJDK 64-Bit Server VM 21.0.5+11-LTS; Microsoft Microsoft-10376803) on Linux 6.5.0-1025-azure (amd64)
[13:49:57] [ServerMain/INFO]: [bootstrap] Loading Paper 1.21-130-master@b1b5d4c (2024-08-10T10:02:42Z) for Minecraft 1.21
[13:49:57] [ServerMain/INFO]: [PluginInitializerManager] Initializing plugins...
[13:49:58] [ServerMain/INFO]: [PluginInitializerManager] Initialized 4 plugins
[13:49:58] [ServerMain/INFO]: [PluginInitializerManager] Bukkit plugins (4):
 - TAB (5.0.5), ViaBackwards (5.2.2-SNAPSHOT), ViaVersion (5.2.2-SNAPSHOT), playit-gg (0.1.4)
[13:50:02] [ServerMain/INFO]: Environment: Environment[sessionHost=https://sessionserver.mojang.com, servicesHost=https://api.minecraftservices.com, name=PROD]
[13:50:03] [ServerMain/INFO]: Loaded 1290 recipes
[13:50:04] [ServerMain/INFO]: Loaded 1399 advancements
[13:50:04] [Server thread/INFO]: Starting minecraft server version 1.21
[13:50:04] [Server thread/INFO]: Loading properties
[13:50:04] [Server thread/INFO]: This server is running Paper version 1.21-130-master@b1b5d4c (2024-08-10T10:02:42Z) (Implementing API version 1.21-R0.1-SNAPSHOT)
[13:50:05] [Server thread/INFO]: [spark] This server bundles the spark profiler. For more information please visit https://docs.papermc.io/paper/profiling
[13:50:05] [Server thread/INFO]: Server Ping Player Sample Count: 12
[13:50:05] [Server thread/INFO]: Using 4 threads for Netty based IO
[13:50:05] [Server thread/INFO]: [ChunkTaskScheduler] Chunk system is using 1 I/O threads, 1 worker threads, and population gen parallelism of 1 threads
[13:50:06] [Server thread/INFO]: Default game type: SURVIVAL
[13:50:06] [Server thread/INFO]: Generating keypair
[13:50:06] [Server thread/INFO]: Starting Minecraft server on *:25565
[13:50:06] [Server thread/INFO]: Using epoll channel type
[13:50:06] [Server thread/INFO]: Paper: Using libdeflate (Linux x86_64) compression from Velocity.
[13:50:06] [Server thread/INFO]: Paper: Using OpenSSL 1.1.x (Linux x86_64) cipher from Velocity.
[13:50:07] [Server thread/INFO]: [ViaVersion] Loading server plugin ViaVersion v5.2.2-SNAPSHOT
[13:50:07] [Server thread/INFO]: [ViaVersion] ViaVersion 5.2.2-SNAPSHOT is now loaded. Registering protocol transformers and injecting...
[13:50:08] [Via-Mappingloader-0/INFO]: [ViaVersion] Loading block connection mappings ...
[13:50:09] [Via-Mappingloader-0/INFO]: [ViaVersion] Using FastUtil Long2ObjectOpenHashMap for block connections
[13:50:09] [Server thread/INFO]: [ViaBackwards] Loading translations...
[13:50:09] [Server thread/INFO]: [ViaBackwards] Registering protocols...
[13:50:11] [Server thread/INFO]: [ViaBackwards] Loading server plugin ViaBackwards v5.2.2-SNAPSHOT
[13:50:11] [Server thread/INFO]: [TAB] Loading server plugin TAB v5.0.5
[13:50:11] [Server thread/INFO]: [playit-gg] Loading server plugin playit-gg v0.1.4
[13:50:11] [Server thread/INFO]: Server permissions file permissions.yml is empty, ignoring it
[13:50:11] [Server thread/INFO]: Preparing level "world"
[13:50:11] [Server thread/INFO]: Preparing start region for dimension minecraft:overworld
[13:50:12] [Server thread/INFO]: Time elapsed: 527 ms
[13:50:12] [Server thread/INFO]: Preparing start region for dimension minecraft:the_nether
[13:50:12] [Server thread/INFO]: Time elapsed: 158 ms
[13:50:12] [Server thread/INFO]: Preparing start region for dimension minecraft:the_end
[13:50:12] [Server thread/INFO]: Time elapsed: 520 ms
[13:50:12] [Server thread/INFO]: [ViaVersion] Enabling ViaVersion v5.2.2-SNAPSHOT
[13:50:12] [Server thread/INFO]: [ViaVersion] ViaVersion detected server version: 1.21-1.21.1 (767)
[13:50:12] [Server thread/INFO]: [ViaBackwards] Enabling ViaBackwards v5.2.2-SNAPSHOT
[13:50:12] [Server thread/INFO]: [TAB] Enabling TAB v5.0.5
[13:50:13] [Server thread/INFO]: [TAB] Loaded NMS hook in 89ms
[13:50:13] [Server thread/INFO]: [TAB] Enabled in 636ms
[13:50:13] [Server thread/INFO]: [playit-gg] Enabling playit-gg v0.1.4
[13:50:15] [Thread-6/INFO]: [gg.playit.minecraft.PlayitKeysSetup] secret key found, checking
[13:50:15] [Thread-6/INFO]: [gg.playit.minecraft.PlayitKeysSetup] check secret
[13:50:15] [Server thread/INFO]: [spark] Starting background profiler...
[13:50:15] [Server thread/INFO]: Done preparing level "world" (4.192s)
[13:50:15] [Server thread/INFO]: Running delayed init tasks
[13:50:15] [Server thread/INFO]: Done (18.758s)! For help, type "help"
[13:50:15] [Craft Scheduler Thread - 2 - ViaVersion/INFO]: [ViaVersion] Finished mapping loading, shutting down loader executor.
[13:50:15] [Server thread/INFO]: Timings Reset
[13:50:15] [Server thread/INFO]: [ViaVersion] You are running a development version of the plugin, please report any bugs to GitHub.
[13:50:18] [Thread-6/INFO]: [gg.playit.minecraft.PlayitKeysSetup] found minecraft java tunnel: device-exceed.gl.joinmc.link
[13:50:18] [Thread-6/INFO]: [gg.playit.minecraft.PlayitManager] keys and tunnel setup
[13:50:18] [Thread-6/INFO]: playit.gg: tunnel setup
[13:50:18] [Thread-6/INFO]: playit.gg: device-exceed.gl.joinmc.link
[13:50:18] [Thread-6/WARN]: [gg.playit.control.ChannelSetup] Got IO error working with :control.playit.gg/2602:fbaf:82c:0:0:0:0:1, error : java.net.SocketException: Network is unreachable
[13:50:18] [Thread-6/INFO]: [gg.playit.control.ChannelSetup] request queued, waiting 1 second before resend
[13:50:19] [Thread-6/INFO]: [gg.playit.control.ChannelSetup] request queued, waiting 1 second before resend
[13:52:34] [Server thread/INFO]: Unknown or incomplete command, see below for error
ip<--[HERE]
[13:54:22] [Thread-6/INFO]: [gg.playit.control.ChannelSetup] send keep alive
[13:58:23] [Thread-6/INFO]: [gg.playit.control.ChannelSetup] send keep alive
[14:00:21] [Thread-6/INFO]: [gg.playit.minecraft.PlayitManager] got new client: NewClient{connectAddr=147.185.221.25:43954, peerAddr=146.66.200.85:52970, claimAddress=209.25.141.2:43784, claimToken=[44, 0, 60, -109, -71, -35, 25, -85, -78, -110, 66, -56, 85, -50, -22, 50, 124, -29, -81, -85, 8, 103, -98, 40, -11, 0, 0, 0, 0, 0, 15, -46, -29, 0, 0, 0, 0, 0, 62, 42, 76, -71, -81, -85, 8, 0, 0, 0, 0, 28, 0, 0, 0, 0, 0, 0, 0, 1, 0, 1, -60, 12, 124, -36, -28, 17, 63, -17, -54, 126, -67, -3, -71, 51, -19, 106], tunnelServerId=1, dataCenterId=28}
[14:00:21] [Thread-6/INFO]: [gg.playit.minecraft.PlayitManager] starting tcp tunnel for client
[14:00:21] [Thread-6/INFO]: [gg.playit.minecraft.PlayitTcpTunnel] start connection to /209.25.141.2:43784 to claim client
[14:00:21] [nioEventLoopGroup-2-1/INFO]: [gg.playit.minecraft.PlayitTcpTunnel] connected to tunnel server, sending claim token
[14:00:21] [nioEventLoopGroup-2-1/INFO]: [gg.playit.minecraft.PlayitTcpTunnel] claim token sent
[14:00:21] [nioEventLoopGroup-2-1/INFO]: [gg.playit.minecraft.PlayitTcpTunnel] connection to tunnel server has been established
[14:00:21] [nioEventLoopGroup-2-1/INFO]: [gg.playit.minecraft.PlayitTcpTunnel] Reflect: ReflectionHelper{ServerConnection=class net.minecraft.server.network.ServerConnectionListener, LegacyPingHandler=class net.minecraft.server.network.LegacyQueryHandler, MinecraftServer=class net.minecraft.server.MinecraftServer, PacketSplitter=class net.minecraft.network.Varint21FrameDecoder, PacketDecoder=class net.minecraft.network.PacketDecoder, EnumProtocolDirection=class net.minecraft.network.protocol.PacketFlow, PacketPrepender=class net.minecraft.network.Varint21LengthFieldPrepender, PacketEncoder=class net.minecraft.network.PacketEncoder, NetworkManagerServer=class net.minecraft.network.RateKickingConnection, NetworkManager=class net.minecraft.network.Connection, HandshakeListener=class net.minecraft.server.network.ServerHandshakePacketListenerImpl, PacketListener=interface net.minecraft.network.PacketListener, CraftServer=class org.bukkit.craftbukkit.CraftServer}
[14:00:21] [nioEventLoopGroup-2-1/INFO]: [gg.playit.minecraft.PlayitTcpTunnel] legacyPingHandler is null
[14:00:21] [nioEventLoopGroup-2-1/INFO]: [gg.playit.minecraft.PlayitTcpTunnel] connecting to minecraft server at localhost/127.0.0.1:25565
[14:00:21] [nioEventLoopGroup-2-2/INFO]: [gg.playit.minecraft.PlayitTcpTunnel] connected to local minecraft server
[14:00:22] [User Authenticator #0/INFO]: UUID of player zDeidaraz is b7c97124-cb9b-4047-bff4-791f6e1fecd4
[14:00:23] [Server thread/INFO]: zDeidaraz joined the game
[14:00:23] [TAB Processing Thread/INFO]: [TAB] [WARN] Player zDeidaraz's group (none) is not in sorting list! Sorting list: owner,admin,mod,helper,builder,vip,default. Player will be sorted on the bottom.
[14:00:23] [Server thread/INFO]: zDeidaraz[/127.0.0.1:37064] logged in with entity id 11 at ([world]39.5, 106.0, -247.5)
[14:01:51] [Server thread/INFO]: Made zDeidaraz a server operator
[14:01:58] [Server thread/INFO]: zDeidaraz issued server command: /gamemode 1
[14:02:02] [Server thread/INFO]: zDeidaraz issued server command: /gamemode creative
[14:02:02] [Server thread/INFO]: [zDeidaraz: Set own game mode to Creative Mode]
[14:02:25] [Thread-6/INFO]: [gg.playit.control.ChannelSetup] send keep alive
[14:04:29] [Server thread/INFO]: zDeidaraz issued server command: /gamemode spectator
[14:04:29] [Server thread/INFO]: [zDeidaraz: Set own game mode to Spectator Mode]
[14:04:33] [Server thread/INFO]: zDeidaraz issued server command: /gamemode survival
[14:04:33] [Server thread/INFO]: [zDeidaraz: Set own game mode to Survival Mode]
[14:04:46] [nioEventLoopGroup-2-1/WARN]: [gg.playit.minecraft.PlayitTcpTunnel] failed to send data to tunnel
[14:04:46] [nioEventLoopGroup-2-1/WARN]: [gg.playit.minecraft.PlayitTcpTunnel] failed to send data to tunnel
[14:04:46] [Server thread/INFO]: zDeidaraz lost connection: Disconnected
[14:04:46] [Server thread/INFO]: zDeidaraz left the game
[14:04:51] [Thread-6/INFO]: [gg.playit.minecraft.PlayitManager] got new client: NewClient{connectAddr=147.185.221.25:43954, peerAddr=146.66.200.85:53073, claimAddress=209.25.141.2:43784, claimToken=[44, 0, 60, -109, -71, -35, 25, -85, -78, -110, 66, -56, 85, -49, 81, 17, -8, 115, -63, -85, 8, 103, -98, 42, 3, 0, 0, 0, 0, 0, 15, -46, -29, 0, 0, 0, 0, 0, 62, 42, 76, 118, -63, -85, 8, 0, 0, 0, 0, 28, 0, 0, 0, 0, 0, 0, 0, 1, 0, 1, -76, 107, -12, -90, 39, 101, 36, 113, -91, 11, -29, 73, 90, -83, 16, -56], tunnelServerId=1, dataCenterId=28}
[14:04:51] [Thread-6/INFO]: [gg.playit.minecraft.PlayitManager] starting tcp tunnel for client
[14:04:51] [Thread-6/INFO]: [gg.playit.minecraft.PlayitTcpTunnel] start connection to /209.25.141.2:43784 to claim client
[14:04:51] [nioEventLoopGroup-2-3/INFO]: [gg.playit.minecraft.PlayitTcpTunnel] connected to tunnel server, sending claim token
[14:04:51] [nioEventLoopGroup-2-3/INFO]: [gg.playit.minecraft.PlayitTcpTunnel] claim token sent
[14:04:51] [nioEventLoopGroup-2-3/INFO]: [gg.playit.minecraft.PlayitTcpTunnel] connection to tunnel server has been established
[14:04:51] [nioEventLoopGroup-2-3/INFO]: [gg.playit.minecraft.PlayitTcpTunnel] Reflect: ReflectionHelper{ServerConnection=class net.minecraft.server.network.ServerConnectionListener, LegacyPingHandler=class net.minecraft.server.network.LegacyQueryHandler, MinecraftServer=class net.minecraft.server.MinecraftServer, PacketSplitter=class net.minecraft.network.Varint21FrameDecoder, PacketDecoder=class net.minecraft.network.PacketDecoder, EnumProtocolDirection=class net.minecraft.network.protocol.PacketFlow, PacketPrepender=class net.minecraft.network.Varint21LengthFieldPrepender, PacketEncoder=class net.minecraft.network.PacketEncoder, NetworkManagerServer=class net.minecraft.network.RateKickingConnection, NetworkManager=class net.minecraft.network.Connection, HandshakeListener=class net.minecraft.server.network.ServerHandshakePacketListenerImpl, PacketListener=interface net.minecraft.network.PacketListener, CraftServer=class org.bukkit.craftbukkit.CraftServer}
[14:04:51] [nioEventLoopGroup-2-3/INFO]: [gg.playit.minecraft.PlayitTcpTunnel] legacyPingHandler is null
[14:04:51] [nioEventLoopGroup-2-3/INFO]: [gg.playit.minecraft.PlayitTcpTunnel] connecting to minecraft server at localhost/127.0.0.1:25565
[14:04:51] [nioEventLoopGroup-2-4/INFO]: [gg.playit.minecraft.PlayitTcpTunnel] connected to local minecraft server
[14:05:01] [Thread-6/INFO]: [gg.playit.minecraft.PlayitManager] got new client: NewClient{connectAddr=147.185.221.25:43954, peerAddr=146.66.200.85:53080, claimAddress=209.25.141.2:43784, claimToken=[44, 0, 60, -109, -71, -35, 25, -85, -78, -110, 66, -56, 85, -49, 88, -70, -114, -65, -57, -85, 8, 103, -98, 42, 12, 0, 0, 0, 0, 0, 15, -46, -29, 0, 0, 0, 0, 0, 62, 42, 76, 79, -57, -85, 8, 0, 0, 0, 0, 28, 0, 0, 0, 0, 0, 0, 0, 1, 0, 1, 6, 119, -81, -105, -33, 49, 12, 96, -70, 24, 66, -18, 20, 57, 37, -55], tunnelServerId=1, dataCenterId=28}
[14:05:01] [Thread-6/INFO]: [gg.playit.minecraft.PlayitManager] starting tcp tunnel for client
[14:05:01] [Thread-6/INFO]: [gg.playit.minecraft.PlayitTcpTunnel] start connection to /209.25.141.2:43784 to claim client
[14:05:01] [nioEventLoopGroup-2-1/INFO]: [gg.playit.minecraft.PlayitTcpTunnel] connected to tunnel server, sending claim token
[14:05:01] [nioEventLoopGroup-2-1/INFO]: [gg.playit.minecraft.PlayitTcpTunnel] claim token sent
[14:05:01] [nioEventLoopGroup-2-1/INFO]: [gg.playit.minecraft.PlayitTcpTunnel] connection to tunnel server has been established
[14:05:01] [nioEventLoopGroup-2-1/INFO]: [gg.playit.minecraft.PlayitTcpTunnel] Reflect: ReflectionHelper{ServerConnection=class net.minecraft.server.network.ServerConnectionListener, LegacyPingHandler=class net.minecraft.server.network.LegacyQueryHandler, MinecraftServer=class net.minecraft.server.MinecraftServer, PacketSplitter=class net.minecraft.network.Varint21FrameDecoder, PacketDecoder=class net.minecraft.network.PacketDecoder, EnumProtocolDirection=class net.minecraft.network.protocol.PacketFlow, PacketPrepender=class net.minecraft.network.Varint21LengthFieldPrepender, PacketEncoder=class net.minecraft.network.PacketEncoder, NetworkManagerServer=class net.minecraft.network.RateKickingConnection, NetworkManager=class net.minecraft.network.Connection, HandshakeListener=class net.minecraft.server.network.ServerHandshakePacketListenerImpl, PacketListener=interface net.minecraft.network.PacketListener, CraftServer=class org.bukkit.craftbukkit.CraftServer}
[14:05:01] [nioEventLoopGroup-2-1/INFO]: [gg.playit.minecraft.PlayitTcpTunnel] legacyPingHandler is null
[14:05:01] [nioEventLoopGroup-2-1/INFO]: [gg.playit.minecraft.PlayitTcpTunnel] connecting to minecraft server at localhost/127.0.0.1:25565
[14:05:01] [nioEventLoopGroup-2-2/INFO]: [gg.playit.minecraft.PlayitTcpTunnel] connected to local minecraft server
[14:06:25] [Thread-6/INFO]: [gg.playit.control.ChannelSetup] send keep alive
[14:10:26] [Thread-6/INFO]: [gg.playit.control.ChannelSetup] send keep alive
[14:14:16] [Server thread/INFO]: Stopping the server
[14:14:16] [Server thread/INFO]: Stopping server
[14:14:16] [Server thread/INFO]: [playit-gg] Disabling playit-gg v0.1.4
[14:14:16] [Server thread/INFO]: [TAB] Disabling TAB v5.0.5
[14:14:16] [Server thread/INFO]: [TAB] Disabled in 0ms
[14:14:16] [Server thread/INFO]: [ViaBackwards] Disabling ViaBackwards v5.2.2-SNAPSHOT
[14:14:16] [Server thread/INFO]: [ViaVersion] Disabling ViaVersion v5.2.2-SNAPSHOT
[14:14:16] [Server thread/INFO]: [ViaVersion] ViaVersion has been disabled; uninjected the platform and shut down the scheduler.
[14:14:16] [Server thread/INFO]: Saving players
[14:14:16] [Server thread/INFO]: Saving worlds
[14:14:16] [Server thread/INFO]: Saving chunks for level 'ServerLevel[world]'/minecraft:overworld
[14:14:16] [Server thread/INFO]: [ChunkHolderManager] Waiting 60s for chunk system to halt for world 'world'
[14:14:16] [Server thread/INFO]: [ChunkHolderManager] Halted chunk system for world 'world'
[14:14:16] [Server thread/INFO]: [ChunkHolderManager] Saving all chunkholders for world 'world'
[14:14:16] [Server thread/INFO]: [ChunkHolderManager] Saved 154 block chunks, 86 entity chunks, 0 poi chunks in world 'world' in 0.18s
[14:14:16] [Server thread/INFO]: Saving chunks for level 'ServerLevel[world_nether]'/minecraft:the_nether
[14:14:16] [Server thread/INFO]: [ChunkHolderManager] Waiting 60s for chunk system to halt for world 'world_nether'
[14:14:16] [Server thread/INFO]: [ChunkHolderManager] Halted chunk system for world 'world_nether'
[14:14:16] [Server thread/INFO]: [ChunkHolderManager] Saving all chunkholders for world 'world_nether'
[14:14:16] [Server thread/INFO]: [ChunkHolderManager] Saved 0 block chunks, 0 entity chunks, 0 poi chunks in world 'world_nether' in 0.00s
[14:14:16] [Server thread/INFO]: Saving chunks for level 'ServerLevel[world_the_end]'/minecraft:the_end
[14:14:16] [Server thread/INFO]: [ChunkHolderManager] Waiting 60s for chunk system to halt for world 'world_the_end'
[14:14:16] [Server thread/INFO]: [ChunkHolderManager] Halted chunk system for world 'world_the_end'
[14:14:16] [Server thread/INFO]: [ChunkHolderManager] Saving all chunkholders for world 'world_the_end'
[14:14:16] [Server thread/INFO]: [ChunkHolderManager] Saved 0 block chunks, 10 entity chunks, 0 poi chunks in world 'world_the_end' in 0.00s
[14:14:16] [Server thread/INFO]: ThreadedAnvilChunkStorage (world): All chunks are saved
[14:14:16] [Server thread/INFO]: ThreadedAnvilChunkStorage (DIM-1): All chunks are saved
[14:14:16] [Server thread/INFO]: ThreadedAnvilChunkStorage (DIM1): All chunks are saved
[14:14:16] [Server thread/INFO]: ThreadedAnvilChunkStorage: All dimensions are saved
